[---] - Dumping :messages
 
[---] - End of dump
[---] - Dumping :messages

search hit BOTTOM, continuing at TOP
E486: Pattern not found: Neovim


"init.lua" 323L, 9701C written 
[---] - End of dump
[---] - Dumping :messages
 
[---] - End of dump
[---] - Dumping :messages


"init.lua" 323L, 9701C written
"~/dev/doom-nvim/lua/plugins/configs/nvim-toggleterm.lua" 23L, 654C written 
[---] - End of dump
[---] - Dumping :messages
 
[---] - End of dump
[---] - Dumping :messages

E73: tag stack empty
"~/dev/doom-nvim/lua/plugins/configs/nvim-toggleterm.lua" 23L, 654C written 
[---] - End of dump
[---] - Dumping :messages
 
[---] - End of dump
[---] - Dumping :messages

"configs/nvim-toggleterm.lua" 23L, 652C written 
[---] - End of dump
[---] - Dumping :messages
 
[---] - End of dump
[---] - Dumping :messages
 
[---] - End of dump
[---] - Dumping :messages

"init.lua" 323L, 9679C written 
[---] - End of dump
[---] - Dumping :messages
 
[---] - End of dump
[---] - Dumping :messages
 
[---] - End of dump
[---] - Dumping :messages
 
[---] - End of dump
[---] - Dumping :messages

"init.lua" 323L, 9672C written
"init.lua" 325L, 9711C written
286 lines >ed 1 time
"init.lua" 325L, 11821C written 
[---] - End of dump
[---] - Dumping :messages
 
[---] - End of dump
[---] - Dumping :messages
 
[---] - End of dump
[---] - Dumping :messages
 
[---] - End of dump
[---] - Dumping :messages
 
[---] - End of dump
[---] - Dumping :messages
 
[---] - End of dump
[---] - Dumping :messages
 
[---] - End of dump
[---] - Dumping :messages
 
[---] - End of dump
[---] - Dumping :messages
 
[---] - End of dump
[---] - Dumping :messages

Error detected while processing VimEnter Autocommands for "*":
E492: Not an editor command: PackerInstall 
[---] - End of dump
[---] - Dumping :messages

"init.lua" 325L, 11820C written
"init.lua" 325L, 11820C written
10 fewer lines
10 more lines
10 lines >ed 1 time
"init.lua" 326L, 11885C written
1 more line; before #7  7 seconds ago
1 line less; before #6  8 seconds ago
1 line less; before #5  9 seconds ago
10 changes; before #4  12 seconds ago
10 fewer lines; before #3  14 seconds ago
10 more lines; before #2  16 seconds ago
"init.lua" 325L, 11820C written
"init.lua" 326L, 11821C written
"init.lua" 326L, 11824C written 
[---] - End of dump
[---] - Dumping :messages
 
[---] - End of dump
[---] - Dumping :messages
 
[---] - End of dump
[---] - Dumping :messages
 
[---] - End of dump
[---] - Dumping :messages

"init.lua" 326L, 11821C written 
[---] - End of dump
[---] - Dumping :messages
 
[---] - End of dump
[---] - Dumping :messages
 
[---] - End of dump
[---] - Dumping :messages
 
[---] - End of dump
[---] - Dumping :messages
 
[---] - End of dump
[---] - Dumping :messages
 
[---] - End of dump
[---] - Dumping :messages

search hit BOTTOM, continuing at TOP
E486: Pattern not found: Map( 
[---] - End of dump
[---] - Dumping :messages

E21: Cannot make changes, 'modifiable' is off
Already at oldest change
"~/dev/doom-nvim/lua/plugins/init.lua" 324L, 11787C written
1 more line; before #2  6 seconds ago
1 more line; before #1  8 seconds ago
"~/dev/doom-nvim/lua/plugins/init.lua" 326L, 11821C written

"~/dev/doom-nvim/lua/plugins/init.lua" 326L, 11827C written 
[---] - End of dump
[---] - Dumping :messages
 
[---] - End of dump
[---] - Dumping :messages
 
[---] - End of dump
[---] - Dumping :messages

Already at oldest change
"init.lua" 326L, 11821C written 
[---] - End of dump
[---] - Dumping :messages
 
[---] - End of dump
[---] - Dumping :messages
 
[---] - End of dump
[---] - Dumping :messages

3 fewer lines
"lua/doom/keybindings/init.lua" 371L, 10281C written 
[---] - End of dump
[---] - Dumping :messages
 
[---] - End of dump
[---] - Dumping :messages

/home/vhyrro/dev/doom-nvim 
[---] - End of dump
[---] - Dumping :messages

16 lines >ed 1 time
"init.lua" 37L, 796C written
31 more lines
"init.lua" 31L, 939C written
"init.lua" 34L, 953C written
19 lines >ed 1 time
"init.lua" 42L, 1103C written 
[---] - End of dump
[---] - Dumping :messages

Error running config for dashboard-nvim
Error in packer_compiled: Vim(lua):E5108: Error executing lua [string ":lua"]:52: [string "..."]:0: attempt to index global 'Doom' (a nil value)
Please check your config for correctness 
[---] - End of dump
[---] - Dumping :messages

Error running config for dashboard-nvim
Error in packer_compiled: Vim(lua):E5108: Error executing lua [string ":lua"]:52: [string "..."]:0: attempt to index global 'Doom' (a nil value)
Please check your config for correctness
4 fewer lines
4 more lines
4 lines <ed 1 time
"init.lua" 43L, 1107C written 
[---] - End of dump
[---] - Dumping :messages

Error running config for dashboard-nvim
Error in packer_compiled: Vim(lua):E5108: Error executing lua [string ":lua"]:52: [string "..."]:0: attempt to index global 'Doom' (a nil value)
Please check your config for correctness
4 fewer lines
4 more lines; before #1  1 second ago
Already at oldest change
Already at oldest change
5 fewer lines
5 more lines
4 lines >ed 1 time
4 fewer lines
4 more lines
4 lines >ed 1 time
4 fewer lines
4 more lines
"init.lua" 45L, 1141C written 
[---] - End of dump
[---] - Dumping :messages
 
[---] - End of dump
[---] - Dumping :messages
 
[---] - End of dump
[---] - Dumping :messages
 
[---] - End of dump
[---] - Dumping :messages
 
[---] - End of dump
[---] - Dumping :messages
 
[---] - End of dump
[---] - Dumping :messages

"lua/plugins/init.lua" 326L, 11820C written
"lua/plugins/init.lua" 326L, 11822C written 
[---] - End of dump
[---] - Dumping :messages

"lua/plugins/init.lua" 326L, 11821C written 
[---] - End of dump
